[0.525s] DEBUG:colcon:Command line arguments: ['/usr/bin/colcon', 'build']
[0.526s] DEBUG:colcon:Parsed command line arguments: Namespace(log_base=None, log_level=None, verb_name='build', build_base='build', install_base='install', merge_install=False, symlink_install=False, test_result_base=None, continue_on_error=False, executor='parallel', parallel_workers=20, event_handlers=None, ignore_user_meta=False, metas=['./colcon.meta'], base_paths=['.'], packages_ignore=None, packages_ignore_regex=None, paths=None, packages_up_to=None, packages_up_to_regex=None, packages_above=None, packages_above_and_dependencies=None, packages_above_depth=None, packages_select_by_dep=None, packages_skip_by_dep=None, packages_skip_up_to=None, packages_select_build_failed=False, packages_skip_build_finished=False, packages_select_test_failures=False, packages_skip_test_passed=False, packages_select=None, packages_skip=None, packages_select_regex=None, packages_skip_regex=None, packages_start=None, packages_end=None, allow_overriding=[], cmake_args=None, cmake_target=None, cmake_target_skip_unavailable=False, cmake_clean_cache=False, cmake_clean_first=False, cmake_force_configure=False, ament_cmake_args=None, catkin_cmake_args=None, catkin_skip_building_tests=False, verb_parser=<colcon_defaults.argument_parser.defaults.DefaultArgumentsDecorator object at 0x74e84e6415a0>, verb_extension=<colcon_core.verb.build.BuildVerb object at 0x74e84e641090>, main=<bound method BuildVerb.main of <colcon_core.verb.build.BuildVerb object at 0x74e84e641090>>)
[0.558s] Level 1:colcon.colcon_core.package_discovery:discover_packages(colcon_meta) check parameters
[0.558s] Level 1:colcon.colcon_core.package_discovery:discover_packages(recursive) check parameters
[0.558s] Level 1:colcon.colcon_core.package_discovery:discover_packages(ignore) check parameters
[0.558s] Level 1:colcon.colcon_core.package_discovery:discover_packages(path) check parameters
[0.558s] Level 1:colcon.colcon_core.package_discovery:discover_packages(colcon_meta) discover
[0.558s] Level 1:colcon.colcon_core.package_discovery:discover_packages(recursive) discover
[0.558s] INFO:colcon.colcon_core.package_discovery:Crawling recursively for packages in '/home/nicholas_tyy/GitHub_repos/Robomasters/ultralytics_prediction/gimbal_ws'
[0.558s] Level 1:colcon.colcon_core.package_identification:_identify(.) by extensions ['ignore', 'ignore_ament_install']
[0.558s] Level 1:colcon.colcon_core.package_identification:_identify(.) by extension 'ignore'
[0.558s] Level 1:colcon.colcon_core.package_identification:_identify(.) by extension 'ignore_ament_install'
[0.558s] Level 1:colcon.colcon_core.package_identification:_identify(.) by extensions ['colcon_pkg']
[0.558s] Level 1:colcon.colcon_core.package_identification:_identify(.) by extension 'colcon_pkg'
[0.558s] Level 1:colcon.colcon_core.package_identification:_identify(.) by extensions ['colcon_meta']
[0.558s] Level 1:colcon.colcon_core.package_identification:_identify(.) by extension 'colcon_meta'
[0.559s] Level 1:colcon.colcon_core.package_identification:_identify(.) by extensions ['ros']
[0.559s] Level 1:colcon.colcon_core.package_identification:_identify(.) by extension 'ros'
[0.568s] Level 1:colcon.colcon_core.package_identification:_identify(.) by extensions ['cmake', 'python']
[0.568s] Level 1:colcon.colcon_core.package_identification:_identify(.) by extension 'cmake'
[0.568s] Level 1:colcon.colcon_core.package_identification:_identify(.) by extension 'python'
[0.568s] Level 1:colcon.colcon_core.package_identification:_identify(.) by extensions ['python_setup_py']
[0.568s] Level 1:colcon.colcon_core.package_identification:_identify(.) by extension 'python_setup_py'
[0.568s] Level 1:colcon.colcon_core.package_identification:_identify(build) by extensions ['ignore', 'ignore_ament_install']
[0.568s] Level 1:colcon.colcon_core.package_identification:_identify(build) by extension 'ignore'
[0.568s] Level 1:colcon.colcon_core.package_identification:_identify(build) ignored
[0.568s] Level 1:colcon.colcon_core.package_identification:_identify(install) by extensions ['ignore', 'ignore_ament_install']
[0.568s] Level 1:colcon.colcon_core.package_identification:_identify(install) by extension 'ignore'
[0.568s] Level 1:colcon.colcon_core.package_identification:_identify(install) ignored
[0.568s] Level 1:colcon.colcon_core.package_identification:_identify(log) by extensions ['ignore', 'ignore_ament_install']
[0.568s] Level 1:colcon.colcon_core.package_identification:_identify(log) by extension 'ignore'
[0.568s] Level 1:colcon.colcon_core.package_identification:_identify(log) ignored
[0.568s] Level 1:colcon.colcon_core.package_identification:_identify(src) by extensions ['ignore', 'ignore_ament_install']
[0.568s] Level 1:colcon.colcon_core.package_identification:_identify(src) by extension 'ignore'
[0.568s] Level 1:colcon.colcon_core.package_identification:_identify(src) by extension 'ignore_ament_install'
[0.568s] Level 1:colcon.colcon_core.package_identification:_identify(src) by extensions ['colcon_pkg']
[0.568s] Level 1:colcon.colcon_core.package_identification:_identify(src) by extension 'colcon_pkg'
[0.569s] Level 1:colcon.colcon_core.package_identification:_identify(src) by extensions ['colcon_meta']
[0.569s] Level 1:colcon.colcon_core.package_identification:_identify(src) by extension 'colcon_meta'
[0.569s] Level 1:colcon.colcon_core.package_identification:_identify(src) by extensions ['ros']
[0.569s] Level 1:colcon.colcon_core.package_identification:_identify(src) by extension 'ros'
[0.569s] Level 1:colcon.colcon_core.package_identification:_identify(src) by extensions ['cmake', 'python']
[0.569s] Level 1:colcon.colcon_core.package_identification:_identify(src) by extension 'cmake'
[0.569s] Level 1:colcon.colcon_core.package_identification:_identify(src) by extension 'python'
[0.569s] Level 1:colcon.colcon_core.package_identification:_identify(src) by extensions ['python_setup_py']
[0.569s] Level 1:colcon.colcon_core.package_identification:_identify(src) by extension 'python_setup_py'
[0.569s] Level 1:colcon.colcon_core.package_identification:_identify(src/gimbal) by extensions ['ignore', 'ignore_ament_install']
[0.569s] Level 1:colcon.colcon_core.package_identification:_identify(src/gimbal) by extension 'ignore'
[0.569s] Level 1:colcon.colcon_core.package_identification:_identify(src/gimbal) by extension 'ignore_ament_install'
[0.569s] Level 1:colcon.colcon_core.package_identification:_identify(src/gimbal) by extensions ['colcon_pkg']
[0.569s] Level 1:colcon.colcon_core.package_identification:_identify(src/gimbal) by extension 'colcon_pkg'
[0.569s] Level 1:colcon.colcon_core.package_identification:_identify(src/gimbal) by extensions ['colcon_meta']
[0.569s] Level 1:colcon.colcon_core.package_identification:_identify(src/gimbal) by extension 'colcon_meta'
[0.569s] Level 1:colcon.colcon_core.package_identification:_identify(src/gimbal) by extensions ['ros']
[0.569s] Level 1:colcon.colcon_core.package_identification:_identify(src/gimbal) by extension 'ros'
[0.570s] DEBUG:colcon.colcon_core.package_identification:Package 'src/gimbal' with type 'ros.ament_python' and name 'gimbal'
[0.570s] Level 1:colcon.colcon_core.package_discovery:discover_packages(recursive) using defaults
[0.570s] Level 1:colcon.colcon_core.package_discovery:discover_packages(ignore) discover
[0.570s] Level 1:colcon.colcon_core.package_discovery:discover_packages(ignore) using defaults
[0.570s] Level 1:colcon.colcon_core.package_discovery:discover_packages(path) discover
[0.570s] Level 1:colcon.colcon_core.package_discovery:discover_packages(path) using defaults
[0.621s] Level 1:colcon.colcon_core.package_discovery:discover_packages(prefix_path) check parameters
[0.621s] Level 1:colcon.colcon_core.package_discovery:discover_packages(prefix_path) discover
[0.629s] WARNING:colcon.colcon_core.prefix_path.colcon:The path '/home/nicholas_tyy/GitHub_repos/Robomasters/ultralytics_prediction/ros2_ws/install' in the environment variable COLCON_PREFIX_PATH doesn't exist
[0.629s] WARNING:colcon.colcon_ros.prefix_path.ament:The path '/home/nicholas_tyy/GitHub_repos/Robomasters/ultralytics_prediction/ros2_ws/install/gimbal' in the environment variable AMENT_PREFIX_PATH doesn't exist
[0.637s] DEBUG:colcon.colcon_installed_package_information.package_discovery:Found 437 installed packages in /opt/ros/humble
[0.639s] Level 1:colcon.colcon_core.package_discovery:discover_packages(prefix_path) using defaults
[0.691s] Level 5:colcon.colcon_core.verb:set package 'gimbal' build argument 'cmake_args' from command line to 'None'
[0.691s] Level 5:colcon.colcon_core.verb:set package 'gimbal' build argument 'cmake_target' from command line to 'None'
[0.691s] Level 5:colcon.colcon_core.verb:set package 'gimbal' build argument 'cmake_target_skip_unavailable' from command line to 'False'
[0.691s] Level 5:colcon.colcon_core.verb:set package 'gimbal' build argument 'cmake_clean_cache' from command line to 'False'
[0.691s] Level 5:colcon.colcon_core.verb:set package 'gimbal' build argument 'cmake_clean_first' from command line to 'False'
[0.691s] Level 5:colcon.colcon_core.verb:set package 'gimbal' build argument 'cmake_force_configure' from command line to 'False'
[0.691s] Level 5:colcon.colcon_core.verb:set package 'gimbal' build argument 'ament_cmake_args' from command line to 'None'
[0.691s] Level 5:colcon.colcon_core.verb:set package 'gimbal' build argument 'catkin_cmake_args' from command line to 'None'
[0.691s] Level 5:colcon.colcon_core.verb:set package 'gimbal' build argument 'catkin_skip_building_tests' from command line to 'False'
[0.691s] DEBUG:colcon.colcon_core.verb:Building package 'gimbal' with the following arguments: {'ament_cmake_args': None, 'build_base': '/home/nicholas_tyy/GitHub_repos/Robomasters/ultralytics_prediction/gimbal_ws/build/gimbal', 'catkin_cmake_args': None, 'catkin_skip_building_tests': False, 'cmake_args': None, 'cmake_clean_cache': False, 'cmake_clean_first': False, 'cmake_force_configure': False, 'cmake_target': None, 'cmake_target_skip_unavailable': False, 'install_base': '/home/nicholas_tyy/GitHub_repos/Robomasters/ultralytics_prediction/gimbal_ws/install/gimbal', 'merge_install': False, 'path': '/home/nicholas_tyy/GitHub_repos/Robomasters/ultralytics_prediction/gimbal_ws/src/gimbal', 'symlink_install': False, 'test_result_base': None}
[0.705s] INFO:colcon.colcon_core.executor:Executing jobs using 'parallel' executor
[0.713s] DEBUG:colcon.colcon_parallel_executor.executor.parallel:run_until_complete
[0.713s] INFO:colcon.colcon_ros.task.ament_python.build:Building ROS package in '/home/nicholas_tyy/GitHub_repos/Robomasters/ultralytics_prediction/gimbal_ws/src/gimbal' with build type 'ament_python'
[0.714s] Level 1:colcon.colcon_core.shell:create_environment_hook('gimbal', 'ament_prefix_path')
[0.722s] INFO:colcon.colcon_core.plugin_system:Skipping extension 'colcon_core.shell.bat': Not used on non-Windows systems
[0.723s] INFO:colcon.colcon_core.shell:Creating environment hook '/home/nicholas_tyy/GitHub_repos/Robomasters/ultralytics_prediction/gimbal_ws/install/gimbal/share/gimbal/hook/ament_prefix_path.ps1'
[0.723s] INFO:colcon.colcon_core.shell:Creating environment descriptor '/home/nicholas_tyy/GitHub_repos/Robomasters/ultralytics_prediction/gimbal_ws/install/gimbal/share/gimbal/hook/ament_prefix_path.dsv'
[0.723s] INFO:colcon.colcon_core.shell:Creating environment hook '/home/nicholas_tyy/GitHub_repos/Robomasters/ultralytics_prediction/gimbal_ws/install/gimbal/share/gimbal/hook/ament_prefix_path.sh'
[0.731s] INFO:colcon.colcon_core.shell:Skip shell extension 'powershell' for command environment: Not usable outside of PowerShell
[0.731s] DEBUG:colcon.colcon_core.shell:Skip shell extension 'dsv' for command environment
[0.874s] INFO:colcon.colcon_core.task.python.build:Building Python package in '/home/nicholas_tyy/GitHub_repos/Robomasters/ultralytics_prediction/gimbal_ws/src/gimbal'
[0.882s] INFO:colcon.colcon_core.shell:Skip shell extension 'powershell' for command environment: Not usable outside of PowerShell
[0.882s] DEBUG:colcon.colcon_core.shell:Skip shell extension 'dsv' for command environment
[1.220s] DEBUG:colcon.colcon_core.event_handler.log_command:Invoking command in '/home/nicholas_tyy/GitHub_repos/Robomasters/ultralytics_prediction/gimbal_ws/src/gimbal': PS1=(RoboMasters) \[\e]0;\u@\h: \w\a\]\[\033[01;32m\]\u@\h\[\033[00m\]:\[\033[01;34m\]\w\[\033[00m\]\[\033[00;32m\]$(git_branch)\[\033[00m\]$ PYTHONPATH=/home/nicholas_tyy/GitHub_repos/Robomasters/ultralytics_prediction/gimbal_ws/build/gimbal/prefix_override:/home/nicholas_tyy/GitHub_repos/Robomasters/ultralytics_prediction/gimbal_ws/install/gimbal/lib/python3.10/site-packages:${PYTHONPATH} VIRTUAL_ENV_PROMPT=(RoboMasters) /usr/bin/python3 setup.py egg_info --egg-base ../../build/gimbal build --build-base /home/nicholas_tyy/GitHub_repos/Robomasters/ultralytics_prediction/gimbal_ws/build/gimbal/build install --record /home/nicholas_tyy/GitHub_repos/Robomasters/ultralytics_prediction/gimbal_ws/build/gimbal/install.log --single-version-externally-managed
[1.494s] DEBUG:colcon.colcon_core.event_handler.log_command:Invoked command in '/home/nicholas_tyy/GitHub_repos/Robomasters/ultralytics_prediction/gimbal_ws/src/gimbal' returned '0': PS1=(RoboMasters) \[\e]0;\u@\h: \w\a\]\[\033[01;32m\]\u@\h\[\033[00m\]:\[\033[01;34m\]\w\[\033[00m\]\[\033[00;32m\]$(git_branch)\[\033[00m\]$ PYTHONPATH=/home/nicholas_tyy/GitHub_repos/Robomasters/ultralytics_prediction/gimbal_ws/build/gimbal/prefix_override:/home/nicholas_tyy/GitHub_repos/Robomasters/ultralytics_prediction/gimbal_ws/install/gimbal/lib/python3.10/site-packages:${PYTHONPATH} VIRTUAL_ENV_PROMPT=(RoboMasters) /usr/bin/python3 setup.py egg_info --egg-base ../../build/gimbal build --build-base /home/nicholas_tyy/GitHub_repos/Robomasters/ultralytics_prediction/gimbal_ws/build/gimbal/build install --record /home/nicholas_tyy/GitHub_repos/Robomasters/ultralytics_prediction/gimbal_ws/build/gimbal/install.log --single-version-externally-managed
[1.504s] Level 1:colcon.colcon_core.environment:checking '/home/nicholas_tyy/GitHub_repos/Robomasters/ultralytics_prediction/gimbal_ws/install/gimbal' for CMake module files
[1.504s] Level 1:colcon.colcon_core.environment:checking '/home/nicholas_tyy/GitHub_repos/Robomasters/ultralytics_prediction/gimbal_ws/install/gimbal' for CMake config files
[1.504s] Level 1:colcon.colcon_core.environment:checking '/home/nicholas_tyy/GitHub_repos/Robomasters/ultralytics_prediction/gimbal_ws/install/gimbal/lib'
[1.505s] Level 1:colcon.colcon_core.environment:checking '/home/nicholas_tyy/GitHub_repos/Robomasters/ultralytics_prediction/gimbal_ws/install/gimbal/bin'
[1.505s] Level 1:colcon.colcon_core.environment:checking '/home/nicholas_tyy/GitHub_repos/Robomasters/ultralytics_prediction/gimbal_ws/install/gimbal/lib/pkgconfig/gimbal.pc'
[1.505s] Level 1:colcon.colcon_core.environment:checking '/home/nicholas_tyy/GitHub_repos/Robomasters/ultralytics_prediction/gimbal_ws/install/gimbal/lib/python3.10/site-packages'
[1.505s] Level 1:colcon.colcon_core.shell:create_environment_hook('gimbal', 'pythonpath')
[1.513s] INFO:colcon.colcon_core.shell:Creating environment hook '/home/nicholas_tyy/GitHub_repos/Robomasters/ultralytics_prediction/gimbal_ws/install/gimbal/share/gimbal/hook/pythonpath.ps1'
[1.513s] INFO:colcon.colcon_core.shell:Creating environment descriptor '/home/nicholas_tyy/GitHub_repos/Robomasters/ultralytics_prediction/gimbal_ws/install/gimbal/share/gimbal/hook/pythonpath.dsv'
[1.513s] INFO:colcon.colcon_core.shell:Creating environment hook '/home/nicholas_tyy/GitHub_repos/Robomasters/ultralytics_prediction/gimbal_ws/install/gimbal/share/gimbal/hook/pythonpath.sh'
[1.513s] Level 1:colcon.colcon_core.environment:checking '/home/nicholas_tyy/GitHub_repos/Robomasters/ultralytics_prediction/gimbal_ws/install/gimbal/bin'
[1.513s] Level 1:colcon.colcon_core.environment:create_environment_scripts_only(gimbal)
[1.521s] INFO:colcon.colcon_core.shell:Creating package script '/home/nicholas_tyy/GitHub_repos/Robomasters/ultralytics_prediction/gimbal_ws/install/gimbal/share/gimbal/package.ps1'
[1.522s] INFO:colcon.colcon_core.shell:Creating package descriptor '/home/nicholas_tyy/GitHub_repos/Robomasters/ultralytics_prediction/gimbal_ws/install/gimbal/share/gimbal/package.dsv'
[1.522s] INFO:colcon.colcon_core.shell:Creating package script '/home/nicholas_tyy/GitHub_repos/Robomasters/ultralytics_prediction/gimbal_ws/install/gimbal/share/gimbal/package.sh'
[1.522s] INFO:colcon.colcon_core.shell:Creating package script '/home/nicholas_tyy/GitHub_repos/Robomasters/ultralytics_prediction/gimbal_ws/install/gimbal/share/gimbal/package.bash'
[1.523s] INFO:colcon.colcon_core.shell:Creating package script '/home/nicholas_tyy/GitHub_repos/Robomasters/ultralytics_prediction/gimbal_ws/install/gimbal/share/gimbal/package.zsh'
[1.523s] Level 1:colcon.colcon_core.environment:create_file_with_runtime_dependencies(/home/nicholas_tyy/GitHub_repos/Robomasters/ultralytics_prediction/gimbal_ws/install/gimbal/share/colcon-core/packages/gimbal)
[1.523s] DEBUG:colcon.colcon_parallel_executor.executor.parallel:closing loop
[1.523s] DEBUG:colcon.colcon_parallel_executor.executor.parallel:loop closed
[1.523s] DEBUG:colcon.colcon_parallel_executor.executor.parallel:run_until_complete finished with '0'
[1.523s] DEBUG:colcon.colcon_core.event_reactor:joining thread
[1.535s] INFO:colcon.colcon_core.plugin_system:Skipping extension 'colcon_notification.desktop_notification.notify_send': Could not find 'notify-send'
[1.535s] INFO:colcon.colcon_core.plugin_system:Skipping extension 'colcon_notification.desktop_notification.terminal_notifier': Not used on non-Darwin systems
[1.535s] INFO:colcon.colcon_core.plugin_system:Skipping extension 'colcon_notification.desktop_notification.win32': Not used on non-Windows systems
[1.535s] INFO:colcon.colcon_notification.desktop_notification:Sending desktop notification using 'notify2'
[1.543s] DEBUG:colcon.colcon_core.event_reactor:joined thread
[1.552s] INFO:colcon.colcon_core.shell:Creating prefix script '/home/nicholas_tyy/GitHub_repos/Robomasters/ultralytics_prediction/gimbal_ws/install/local_setup.ps1'
[1.553s] INFO:colcon.colcon_core.shell:Creating prefix util module '/home/nicholas_tyy/GitHub_repos/Robomasters/ultralytics_prediction/gimbal_ws/install/_local_setup_util_ps1.py'
[1.553s] INFO:colcon.colcon_core.shell:Creating prefix chain script '/home/nicholas_tyy/GitHub_repos/Robomasters/ultralytics_prediction/gimbal_ws/install/setup.ps1'
[1.561s] INFO:colcon.colcon_core.shell:Creating prefix script '/home/nicholas_tyy/GitHub_repos/Robomasters/ultralytics_prediction/gimbal_ws/install/local_setup.sh'
[1.562s] INFO:colcon.colcon_core.shell:Creating prefix util module '/home/nicholas_tyy/GitHub_repos/Robomasters/ultralytics_prediction/gimbal_ws/install/_local_setup_util_sh.py'
[1.562s] INFO:colcon.colcon_core.shell:Creating prefix chain script '/home/nicholas_tyy/GitHub_repos/Robomasters/ultralytics_prediction/gimbal_ws/install/setup.sh'
[1.570s] INFO:colcon.colcon_core.shell:Creating prefix script '/home/nicholas_tyy/GitHub_repos/Robomasters/ultralytics_prediction/gimbal_ws/install/local_setup.bash'
[1.571s] INFO:colcon.colcon_core.shell:Creating prefix chain script '/home/nicholas_tyy/GitHub_repos/Robomasters/ultralytics_prediction/gimbal_ws/install/setup.bash'
[1.578s] INFO:colcon.colcon_core.shell:Creating prefix script '/home/nicholas_tyy/GitHub_repos/Robomasters/ultralytics_prediction/gimbal_ws/install/local_setup.zsh'
[1.579s] INFO:colcon.colcon_core.shell:Creating prefix chain script '/home/nicholas_tyy/GitHub_repos/Robomasters/ultralytics_prediction/gimbal_ws/install/setup.zsh'
